<?xml version="1.0" encoding="UTF-8"?>
<testng-results skipped="0" failed="0" ignored="0" total="1" passed="1">
  <reporter-output>
  </reporter-output>
  <suite name="Default suite" duration-ms="15651" started-at="2018-03-15T02:09:02Z" finished-at="2018-03-15T02:09:18Z">
    <groups>
    </groups>
    <test name="Default test" duration-ms="15651" started-at="2018-03-15T02:09:02Z" finished-at="2018-03-15T02:09:18Z">
      <class name="com.app.tests.Github">
        <test-method status="PASS" signature="setUp()[pri:0, instance:com.app.tests.Github@5c3bd550]" name="setUp" is-config="true" duration-ms="4482" started-at="2018-03-15T02:09:02Z" finished-at="2018-03-15T02:09:07Z">
          <reporter-output>
          </reporter-output>
        </test-method> <!-- setUp -->
        <test-method status="PASS" signature="getAllLinks()[pri:0, instance:com.app.tests.Github@5c3bd550]" name="getAllLinks" duration-ms="10934" started-at="2018-03-15T02:09:07Z" finished-at="2018-03-15T02:09:18Z">
          <reporter-output>
          </reporter-output>
        </test-method> <!-- getAllLinks -->
        <test-method status="PASS" signature="tearDown()[pri:0, instance:com.app.tests.Github@5c3bd550]" name="tearDown" is-config="true" duration-ms="210" started-at="2018-03-15T02:09:18Z" finished-at="2018-03-15T02:09:18Z">
          <reporter-output>
          </reporter-output>
        </test-method> <!-- tearDown -->
      </class> <!-- com.app.tests.Github -->
    </test> <!-- Default test -->
  </suite> <!-- Default suite -->
</testng-results>
